<?xml version="1.0" encoding="UTF-8"?>
<!-- Generated by org.testng.reporters.JUnitReportReporter -->
<testsuite hostname="DESKTOP-QJEORUH" failures="0" tests="1" name="inventory.Login" time="4.981" errors="0" timestamp="2025-06-20T23:25:00 IST" skipped="0">
  <testcase classname="inventory.Login" name="tc_001_Login" time="4.981"/>
</testsuite> <!-- inventory.Login -->
