<?xml version="1.0" encoding="UTF-8"?>
<!-- Generated by org.testng.reporters.JUnitReportReporter -->
<testsuite hostname="DESKTOP-QJEORUH" failures="0" tests="3" name="pratice.TestngPratice" time="0.030" errors="0" timestamp="2025-06-12T12:50:37 IST" skipped="0">
  <testcase classname="pratice.TestngPratice" name="modify" time="0.003"/>
  <testcase classname="pratice.TestngPratice" name="create" time="0.024"/>
  <testcase classname="pratice.TestngPratice" name="delete" time="0.003"/>
</testsuite> <!-- pratice.TestngPratice -->
