<?xml version="1.0" encoding="UTF-8"?>
<!-- Generated by org.testng.reporters.JUnitReportReporter -->
<testsuite hostname="DESKTOP-QJEORUH" failures="0" tests="5" name="pratice.InvocationCount" time="0.043" errors="0" timestamp="2025-06-12T12:29:44 IST" skipped="1">
  <testcase classname="pratice.InvocationCount" name="delete" time="0.033"/>
  <testcase classname="pratice.InvocationCount" name="create" time="0.003"/>
  <testcase classname="pratice.InvocationCount" name="create" time="0.004"/>
  <testcase classname="pratice.InvocationCount" name="create" time="0.003"/>
  <testcase classname="pratice.InvocationCount" name="modify">
    <skipped/>
  </testcase> <!-- modify -->
</testsuite> <!-- pratice.InvocationCount -->
