<?xml version="1.0" encoding="UTF-8"?>
<!-- Generated by org.testng.reporters.JUnitReportReporter -->
<testsuite hostname="DESKTOP-QJEORUH" failures="0" tests="4" name="pratice.DataProviderPratice" time="0.020" errors="0" timestamp="2025-06-13T13:26:26 IST" skipped="0">
  <testcase classname="pratice.DataProviderPratice" name="createCustomer" time="0.003"/>
  <testcase classname="pratice.DataProviderPratice" name="createCustomer" time="0.001"/>
  <testcase classname="pratice.DataProviderPratice" name="createCustomer" time="0.001"/>
  <testcase classname="pratice.DataProviderPratice" name="createCustomer" time="0.015"/>
</testsuite> <!-- pratice.DataProviderPratice -->
